<?xml version="1.0" encoding="UTF-8"?>
<testsuite xmlns:xsi="http://www.w3.org/2001/XMLSchema-instance" xsi:noNamespaceSchemaLocation="https://maven.apache.org/surefire/maven-surefire-plugin/xsd/surefire-test-report.xsd" name="edu.eci.cnyt.ComplexNumberTest" time="0" tests="5" errors="0" skipped="0" failures="0">
  <properties>
[...]
</properties>
  <testcase name="divide" classname="edu.eci.cnyt.ComplexNumberTest" time="0"/>
  <testcase name="conjugate" classname="edu.eci.cnyt.ComplexNumberTest" time="0"/>
  <testcase name="sum" classname="edu.eci.cnyt.ComplexNumberTest" time="0"/>
  <testcase name="rest" classname="edu.eci.cnyt.ComplexNumberTest" time="0"/>
  <testcase name="multiply" classname="edu.eci.cnyt.ComplexNumberTest" time="0"/>
</testsuite>